[     235ms] [INFO] %cDownload the React DevTools for a better development experience: https://react.dev/link/react-devtools font-weight:bold @ http://localhost:3000/bundle.js:73354
[     283ms] [ERROR] Each child in a list should have a unique "key" prop.%s%s See https://react.dev/link/warning-keys for more information. 

Check the render method of `RemotionRoot`.  @ http://localhost:3000/bundle.js:37329
[     343ms] Error: outputRange can not be undefined
    at interpolate (http://localhost:3000/bundle.js:183458:11)
    at PumpkinRotation (http://localhost:3000/bundle.js:536:70)
    at Object.react_stack_bottom_frame (http://localhost:3000/bundle.js:71255:20)
    at renderWithHooks (http://localhost:3000/bundle.js:53013:22)
    at updateFunctionComponent (http://localhost:3000/bundle.js:55517:19)
    at beginWork (http://localhost:3000/bundle.js:57129:18)
    at runWithFiberInDEV (http://localhost:3000/bundle.js:46223:30)
    at performUnitOfWork (http://localhost:3000/bundle.js:62992:22)
    at workLoopSync (http://localhost:3000/bundle.js:62820:41)
    at renderRootSync (http://localhost:3000/bundle.js:62801:11)
    at performWorkOnRoot (http://localhost:3000/bundle.js:61934:35)
    at performWorkOnRootViaSchedulerTask (http://localhost:3000/bundle.js:64308:7)
    at MessagePort.performWorkUntilDeadline (http://localhost:3000/bundle.js:76466:48)
[     342ms] [WARNING] %s

%s
 An error occurred in the <PumpkinRotation> component. Consider adding an error boundary to your tree to customize error handling behavior.
Visit https://react.dev/link/error-boundaries to learn more about error boundaries. @ http://localhost:3000/bundle.js:54712
[     352ms] Error: ForceSpecificCursor is not mounted
    at stopForcingSpecificCursor (http://localhost:3000/bundle.js:14176:15)
    at cleanup (http://localhost:3000/bundle.js:31453:65)
    at http://localhost:3000/bundle.js:31462:17
    at Object.react_stack_bottom_frame (http://localhost:3000/bundle.js:71352:13)
    at runWithFiberInDEV (http://localhost:3000/bundle.js:46223:30)
    at commitHookEffectListUnmount (http://localhost:3000/bundle.js:58667:17)
    at commitHookPassiveUnmountEffects (http://localhost:3000/bundle.js:58698:11)
    at commitPassiveUnmountEffectsInsideOfDeletedTree_begin (http://localhost:3000/bundle.js:61615:13)
    at recursivelyTraversePassiveUnmountEffects (http://localhost:3000/bundle.js:61436:13)
    at commitPassiveUnmountOnFiber (http://localhost:3000/bundle.js:61478:11)
    at flushPassiveEffects (http://localhost:3000/bundle.js:63779:9)
    at flushPendingEffects (http://localhost:3000/bundle.js:63709:14)
    at performSyncWorkOnRoot (http://localhost:3000/bundle.js:64320:11)
    at flushSyncWorkAcrossRoots_impl (http://localhost:3000/bundle.js:64165:21)
    at flushSpawnedWork (http://localhost:3000/bundle.js:63685:9)
    at commitRoot (http://localhost:3000/bundle.js:63306:9)
    at commitRootWhenReady (http://localhost:3000/bundle.js:62175:7)
    at performWorkOnRoot (http://localhost:3000/bundle.js:62073:15)
    at performWorkOnRootViaSchedulerTask (http://localhost:3000/bundle.js:64308:7)
    at MessagePort.performWorkUntilDeadline (http://localhost:3000/bundle.js:76466:48)
[     351ms] [WARNING] %s

%s
 An error occurred in the <SplitterHandle> component. Consider adding an error boundary to your tree to customize error handling behavior.
Visit https://react.dev/link/error-boundaries to learn more about error boundaries. @ http://localhost:3000/bundle.js:54712
[     354ms] Error: ForceSpecificCursor is not mounted
    at stopForcingSpecificCursor (http://localhost:3000/bundle.js:14176:15)
    at cleanup (http://localhost:3000/bundle.js:31453:65)
    at http://localhost:3000/bundle.js:31462:17
    at Object.react_stack_bottom_frame (http://localhost:3000/bundle.js:71352:13)
    at runWithFiberInDEV (http://localhost:3000/bundle.js:46223:30)
    at commitHookEffectListUnmount (http://localhost:3000/bundle.js:58667:17)
    at commitHookPassiveUnmountEffects (http://localhost:3000/bundle.js:58698:11)
    at commitPassiveUnmountEffectsInsideOfDeletedTree_begin (http://localhost:3000/bundle.js:61615:13)
    at recursivelyTraversePassiveUnmountEffects (http://localhost:3000/bundle.js:61436:13)
    at commitPassiveUnmountOnFiber (http://localhost:3000/bundle.js:61478:11)
    at flushPassiveEffects (http://localhost:3000/bundle.js:63779:9)
    at flushPendingEffects (http://localhost:3000/bundle.js:63709:14)
    at performSyncWorkOnRoot (http://localhost:3000/bundle.js:64320:11)
    at flushSyncWorkAcrossRoots_impl (http://localhost:3000/bundle.js:64165:21)
    at flushSpawnedWork (http://localhost:3000/bundle.js:63685:9)
    at commitRoot (http://localhost:3000/bundle.js:63306:9)
    at commitRootWhenReady (http://localhost:3000/bundle.js:62175:7)
    at performWorkOnRoot (http://localhost:3000/bundle.js:62073:15)
    at performWorkOnRootViaSchedulerTask (http://localhost:3000/bundle.js:64308:7)
    at MessagePort.performWorkUntilDeadline (http://localhost:3000/bundle.js:76466:48)
[     352ms] [WARNING] %s

%s
 An error occurred in the <SplitterHandle> component. Consider adding an error boundary to your tree to customize error handling behavior.
Visit https://react.dev/link/error-boundaries to learn more about error boundaries. @ http://localhost:3000/bundle.js:54712
[    2143ms] [INFO] %cDownload the React DevTools for a better development experience: https://react.dev/link/react-devtools font-weight:bold @ http://localhost:3000/bundle.js:73354
[    2185ms] [ERROR] Each child in a list should have a unique "key" prop.%s%s See https://react.dev/link/warning-keys for more information. 

Check the render method of `RemotionRoot`.  @ http://localhost:3000/bundle.js:37329
[  106557ms] [LOG] [Fast refresh] ./src/components/PumpkinRotation.tsx fast refreshed. @ http://localhost:3000/bundle.js:43608
[  106557ms] [LOG] [Fast refresh] ./src/Root.tsx fast refreshed. @ http://localhost:3000/bundle.js:43608
[  107291ms] [LOG] [Fast refresh] ./src/components/PumpkinRotation.tsx fast refreshed. @ http://localhost:3000/bundle.js:43608
[  107291ms] [LOG] [Fast refresh] ./src/Root.tsx fast refreshed. @ http://localhost:3000/bundle.js:43608
